Command line:
   clk_adm_tb_isim_beh.exe
     -simmode  gui
     -simrunnum  0
     -socket  49619

Sat Jun 01 19:55:07 2019


 Elaboration Time: 0.046875 sec

 Current Memory Usage: 658.473 Meg

 Total Signals          : 13
 Total Nets             : 8
 Total Signal Drivers   : 7
 Total Blocks           : 7
 Total Primitive Blocks : 5
 Total Processes        : 6
 Total Traceable Variables  : 11
 Total Scalar Nets and Variables : 387
Total Line Count : 19

 Total Simulation Time: 0.15625 sec

 Current Memory Usage: 658.473 Meg

Sat Jun 01 20:20:20 2019

