Command line:
   GeneradorHamming_tb_isim_beh.exe
     -simmode  gui
     -simrunnum  0
     -socket  49356

Tue May 28 09:12:52 2019


 Elaboration Time: 0.015625 sec

 Current Memory Usage: 650.338 Meg

 Total Signals          : 7
 Total Nets             : 14
 Total Signal Drivers   : 11
 Total Blocks           : 3
 Total Primitive Blocks : 2
 Total Processes        : 11
 Total Traceable Variables  : 8
 Total Scalar Nets and Variables : 374
Total Line Count : 16

 Total Simulation Time: 0.03125 sec

 Current Memory Usage: 650.338 Meg

Tue May 28 09:23:46 2019

