Command line:
   GeneradorError_tb_isim_beh.exe
     -simmode  gui
     -simrunnum  0
     -socket  49750

Sun May 26 21:11:22 2019


 Elaboration Time: 0.046875 sec

 Current Memory Usage: 658.399 Meg

 Total Signals          : 6
 Total Nets             : 18
 Total Signal Drivers   : 3
 Total Blocks           : 3
 Total Primitive Blocks : 2
 Total Processes        : 2
 Total Traceable Variables  : 8
 Total Scalar Nets and Variables : 378
Total Line Count : 41

 Total Simulation Time: 0.0625 sec

 Current Memory Usage: 658.399 Meg

Sun May 26 21:11:30 2019

