--------------------------------------------------------------------------------
Release 14.7 Trace  (nt)
Copyright (c) 1995-2013 Xilinx, Inc.  All rights reserved.

C:\Xilinx\14.7\ISE_DS\ISE\bin\nt\unwrapped\trce.exe -intstyle ise -v 3 -s 4 -n
3 -fastpaths -xml GeneradorHamming.twx GeneradorHamming.ncd -o
GeneradorHamming.twr GeneradorHamming.pcf

Design file:              GeneradorHamming.ncd
Physical constraint file: GeneradorHamming.pcf
Device,package,speed:     xc3s100e,cp132,-4 (PRODUCTION 1.27 2013-10-13)
Report level:             verbose report

Environment Variable      Effect 
--------------------      ------ 
NONE                      No environment variables were set
--------------------------------------------------------------------------------

INFO:Timing:2698 - No timing constraints found, doing default enumeration.
INFO:Timing:3412 - To improve timing, see the Timing Closure User Guide (UG612).
INFO:Timing:2752 - To get complete path coverage, use the unconstrained paths 
   option. All paths that are not constrained will be reported in the 
   unconstrained paths section(s) of the report.
INFO:Timing:3339 - The clock-to-out numbers in this timing report are based on 
   a 50 Ohm transmission line loading model.  For the details of this model, 
   and for more information on accounting for different loading conditions, 
   please see the device datasheet.
INFO:Timing:3390 - This architecture does not support a default System Jitter 
   value, please add SYSTEM_JITTER constraint to the UCF to modify the Clock 
   Uncertainty calculation.
INFO:Timing:3389 - This architecture does not support 'Discrete Jitter' and 
   'Phase Error' calculations, these terms will be zero in the Clock 
   Uncertainty calculation.  Please make appropriate modification to 
   SYSTEM_JITTER to account for the unsupported Discrete Jitter and Phase 
   Error.



Data Sheet report:
-----------------
All values displayed in nanoseconds (ns)

Pad to Pad
---------------+---------------+---------+
Source Pad     |Destination Pad|  Delay  |
---------------+---------------+---------+
dato<0>        |dato_hamm_tx<0>|    6.423|
dato<0>        |dato_hamm_tx<1>|    6.376|
dato<0>        |dato_hamm_tx<2>|    4.872|
dato<1>        |dato_hamm_tx<0>|    7.143|
dato<1>        |dato_hamm_tx<3>|    6.167|
dato<1>        |dato_hamm_tx<4>|    5.163|
dato<2>        |dato_hamm_tx<1>|    6.850|
dato<2>        |dato_hamm_tx<3>|    6.242|
dato<2>        |dato_hamm_tx<5>|    4.899|
dato<3>        |dato_hamm_tx<0>|    7.298|
dato<3>        |dato_hamm_tx<1>|    6.962|
dato<3>        |dato_hamm_tx<3>|    6.526|
dato<3>        |dato_hamm_tx<6>|    4.824|
---------------+---------------+---------+


Analysis completed Sun May 26 17:31:57 2019 
--------------------------------------------------------------------------------

Trace Settings:
-------------------------
Trace Settings 

Peak Memory Usage: 108 MB



