--------------------------------------------------------------------------------
Release 14.7 Trace  (nt)
Copyright (c) 1995-2013 Xilinx, Inc.  All rights reserved.

C:\Xilinx\14.7\ISE_DS\ISE\bin\nt\unwrapped\trce.exe -intstyle ise -v 3 -s 4 -n
3 -fastpaths -xml TopLevel.twx TopLevel.ncd -o TopLevel.twr TopLevel.pcf -ucf
TopLevel.ucf

Design file:              TopLevel.ncd
Physical constraint file: TopLevel.pcf
Device,package,speed:     xc3s100e,cp132,-4 (PRODUCTION 1.27 2013-10-13)
Report level:             verbose report

Environment Variable      Effect 
--------------------      ------ 
NONE                      No environment variables were set
--------------------------------------------------------------------------------

INFO:Timing:2698 - No timing constraints found, doing default enumeration.
INFO:Timing:3412 - To improve timing, see the Timing Closure User Guide (UG612).
INFO:Timing:2752 - To get complete path coverage, use the unconstrained paths 
   option. All paths that are not constrained will be reported in the 
   unconstrained paths section(s) of the report.
INFO:Timing:3339 - The clock-to-out numbers in this timing report are based on 
   a 50 Ohm transmission line loading model.  For the details of this model, 
   and for more information on accounting for different loading conditions, 
   please see the device datasheet.
INFO:Timing:3390 - This architecture does not support a default System Jitter 
   value, please add SYSTEM_JITTER constraint to the UCF to modify the Clock 
   Uncertainty calculation.
INFO:Timing:3389 - This architecture does not support 'Discrete Jitter' and 
   'Phase Error' calculations, these terms will be zero in the Clock 
   Uncertainty calculation.  Please make appropriate modification to 
   SYSTEM_JITTER to account for the unsupported Discrete Jitter and Phase 
   Error.



Data Sheet report:
-----------------
All values displayed in nanoseconds (ns)

Pad to Pad
-----------------+---------------+---------+
Source Pad       |Destination Pad|  Delay  |
-----------------+---------------+---------+
dato_ingresado<0>|dato_display<0>|    9.913|
dato_ingresado<0>|dato_display<1>|    9.576|
dato_ingresado<0>|dato_display<2>|   10.148|
dato_ingresado<0>|dato_display<3>|    9.710|
dato_ingresado<0>|dato_display<4>|    9.766|
dato_ingresado<0>|dato_display<5>|    9.965|
dato_ingresado<0>|dato_display<6>|    9.559|
dato_ingresado<1>|dato_display<0>|   11.528|
dato_ingresado<1>|dato_display<1>|   10.680|
dato_ingresado<1>|dato_display<2>|   11.116|
dato_ingresado<1>|dato_display<3>|   11.143|
dato_ingresado<1>|dato_display<4>|   11.388|
dato_ingresado<1>|dato_display<5>|   11.094|
dato_ingresado<1>|dato_display<6>|   11.017|
dato_ingresado<2>|dato_display<0>|   10.153|
dato_ingresado<2>|dato_display<1>|    9.913|
dato_ingresado<2>|dato_display<2>|   10.402|
dato_ingresado<2>|dato_display<3>|    9.997|
dato_ingresado<2>|dato_display<4>|    9.975|
dato_ingresado<2>|dato_display<5>|   10.267|
dato_ingresado<2>|dato_display<6>|    9.811|
dato_ingresado<3>|dato_display<0>|    9.979|
dato_ingresado<3>|dato_display<1>|    9.533|
dato_ingresado<3>|dato_display<2>|    9.853|
dato_ingresado<3>|dato_display<3>|    9.649|
dato_ingresado<3>|dato_display<4>|    9.774|
dato_ingresado<3>|dato_display<5>|    9.882|
dato_ingresado<3>|dato_display<6>|    9.458|
pos_error<0>     |dato_display<0>|   16.175|
pos_error<0>     |dato_display<1>|   15.729|
pos_error<0>     |dato_display<2>|   16.049|
pos_error<0>     |dato_display<3>|   15.845|
pos_error<0>     |dato_display<4>|   15.970|
pos_error<0>     |dato_display<5>|   16.078|
pos_error<0>     |dato_display<6>|   15.654|
pos_error<1>     |dato_display<0>|   17.211|
pos_error<1>     |dato_display<1>|   16.765|
pos_error<1>     |dato_display<2>|   17.085|
pos_error<1>     |dato_display<3>|   16.881|
pos_error<1>     |dato_display<4>|   17.006|
pos_error<1>     |dato_display<5>|   17.114|
pos_error<1>     |dato_display<6>|   16.690|
pos_error<2>     |dato_display<0>|   16.244|
pos_error<2>     |dato_display<1>|   15.798|
pos_error<2>     |dato_display<2>|   16.118|
pos_error<2>     |dato_display<3>|   15.914|
pos_error<2>     |dato_display<4>|   16.039|
pos_error<2>     |dato_display<5>|   16.147|
pos_error<2>     |dato_display<6>|   15.723|
pos_error<3>     |dato_display<0>|   16.895|
pos_error<3>     |dato_display<1>|   16.449|
pos_error<3>     |dato_display<2>|   16.769|
pos_error<3>     |dato_display<3>|   16.565|
pos_error<3>     |dato_display<4>|   16.690|
pos_error<3>     |dato_display<5>|   16.798|
pos_error<3>     |dato_display<6>|   16.374|
-----------------+---------------+---------+


Analysis completed Sat Jun 01 20:36:11 2019 
--------------------------------------------------------------------------------

Trace Settings:
-------------------------
Trace Settings 

Peak Memory Usage: 107 MB



